Building DAG of jobs...
Using shell: /bin/bash
Provided cluster nodes: 3
Job counts:
	count	jobs
	1	all
	32	jellyfish_count
	32	jellyfish_dump
	65
***************** PARAMETERS ******************

* General
KMER_LENGTH = 31

* k-mer counting

[Mon Mar  1 15:51:51 2021]
rule jellyfish_count:
    input: /store/EQUIPES/SSFA/MEMBERS/thi-ngoc-ha.nguyen/Prostate_Singularity/data/X120604_UNC13_SN749_0180_BD127FACXX_GCCAAT_L004_1.fastq.gz, /store/EQUIPES/SSFA/MEMBERS/thi-ngoc-ha.nguyen/Prostate_Singularity/data/X120604_UNC13_SN749_0180_BD127FACXX_GCCAAT_L004_2.fastq.gz
    output: /data/work/I2BC/haoliang.xue/prad-tcga-relapse/kmer_counts/X120604_UNC13_SN749_0180_BD127FACXX_GCCAAT_L004.jf
    log: /data/work/I2BC/haoliang.xue/prad-tcga-relapse/Logs/X120604_UNC13_SN749_0180_BD127FACXX_GCCAAT_L004_jellyfishRawCounts_exec_time.log
    jobid: 38
    wildcards: sample=X120604_UNC13_SN749_0180_BD127FACXX_GCCAAT_L004
    threads: 10
    resources: ram=3000

Submitted job 38 with external jobid '836114.pbsserver'.

[Mon Mar  1 15:51:51 2021]
rule jellyfish_count:
    input: /store/EQUIPES/SSFA/MEMBERS/thi-ngoc-ha.nguyen/Prostate_Singularity/data/X140820_UNC17_D00216_0241_BC5DBKACXX_CGATGT_L005_1.fastq.gz, /store/EQUIPES/SSFA/MEMBERS/thi-ngoc-ha.nguyen/Prostate_Singularity/data/X140820_UNC17_D00216_0241_BC5DBKACXX_CGATGT_L005_2.fastq.gz
    output: /data/work/I2BC/haoliang.xue/prad-tcga-relapse/kmer_counts/X140820_UNC17_D00216_0241_BC5DBKACXX_CGATGT_L005.jf
    log: /data/work/I2BC/haoliang.xue/prad-tcga-relapse/Logs/X140820_UNC17_D00216_0241_BC5DBKACXX_CGATGT_L005_jellyfishRawCounts_exec_time.log
    jobid: 64
    wildcards: sample=X140820_UNC17_D00216_0241_BC5DBKACXX_CGATGT_L005
    threads: 10
    resources: ram=3000

Submitted job 64 with external jobid '836115.pbsserver'.

[Mon Mar  1 15:51:51 2021]
rule jellyfish_count:
    input: /store/EQUIPES/SSFA/MEMBERS/thi-ngoc-ha.nguyen/Prostate_Singularity/data/X120501_UNC16_SN851_0154_BC0MB8ACXX_ACTTGA_L008_1.fastq.gz, /store/EQUIPES/SSFA/MEMBERS/thi-ngoc-ha.nguyen/Prostate_Singularity/data/X120501_UNC16_SN851_0154_BC0MB8ACXX_ACTTGA_L008_2.fastq.gz
    output: /data/work/I2BC/haoliang.xue/prad-tcga-relapse/kmer_counts/X120501_UNC16_SN851_0154_BC0MB8ACXX_ACTTGA_L008.jf
    log: /data/work/I2BC/haoliang.xue/prad-tcga-relapse/Logs/X120501_UNC16_SN851_0154_BC0MB8ACXX_ACTTGA_L008_jellyfishRawCounts_exec_time.log
    jobid: 41
    wildcards: sample=X120501_UNC16_SN851_0154_BC0MB8ACXX_ACTTGA_L008
    threads: 10
    resources: ram=3000

Submitted job 41 with external jobid '836116.pbsserver'.
[Mon Mar  1 15:57:31 2021]
Finished job 38.
1 of 65 steps (2%) done

[Mon Mar  1 15:57:31 2021]
rule jellyfish_count:
    input: /store/EQUIPES/SSFA/MEMBERS/thi-ngoc-ha.nguyen/Prostate_Singularity/data/X120611_UNC15_SN850_0219_BD120UACXX_GCCAAT_L003_1.fastq.gz, /store/EQUIPES/SSFA/MEMBERS/thi-ngoc-ha.nguyen/Prostate_Singularity/data/X120611_UNC15_SN850_0219_BD120UACXX_GCCAAT_L003_2.fastq.gz
    output: /data/work/I2BC/haoliang.xue/prad-tcga-relapse/kmer_counts/X120611_UNC15_SN850_0219_BD120UACXX_GCCAAT_L003.jf
    log: /data/work/I2BC/haoliang.xue/prad-tcga-relapse/Logs/X120611_UNC15_SN850_0219_BD120UACXX_GCCAAT_L003_jellyfishRawCounts_exec_time.log
    jobid: 39
    wildcards: sample=X120611_UNC15_SN850_0219_BD120UACXX_GCCAAT_L003
    threads: 10
    resources: ram=3000

[Mon Mar  1 15:57:31 2021]
Finished job 64.
2 of 65 steps (3%) done
Submitted job 39 with external jobid '836117.pbsserver'.

[Mon Mar  1 15:57:32 2021]
rule jellyfish_count:
    input: /store/EQUIPES/SSFA/MEMBERS/thi-ngoc-ha.nguyen/Prostate_Singularity/data/X120604_UNC13_SN749_0179_AC0V5LACXX_GCCAAT_L004_1.fastq.gz, /store/EQUIPES/SSFA/MEMBERS/thi-ngoc-ha.nguyen/Prostate_Singularity/data/X120604_UNC13_SN749_0179_AC0V5LACXX_GCCAAT_L004_2.fastq.gz
    output: /data/work/I2BC/haoliang.xue/prad-tcga-relapse/kmer_counts/X120604_UNC13_SN749_0179_AC0V5LACXX_GCCAAT_L004.jf
    log: /data/work/I2BC/haoliang.xue/prad-tcga-relapse/Logs/X120604_UNC13_SN749_0179_AC0V5LACXX_GCCAAT_L004_jellyfishRawCounts_exec_time.log
    jobid: 35
    wildcards: sample=X120604_UNC13_SN749_0179_AC0V5LACXX_GCCAAT_L004
    threads: 10
    resources: ram=3000

Submitted job 35 with external jobid '836118.pbsserver'.
[Mon Mar  1 16:00:12 2021]
Finished job 41.
3 of 65 steps (5%) done

[Mon Mar  1 16:00:12 2021]
rule jellyfish_count:
    input: /store/EQUIPES/SSFA/MEMBERS/thi-ngoc-ha.nguyen/Prostate_Singularity/data/X130827_UNC15_SN850_0325_BC2AV1ACXX_TAGCTT_L005_1.fastq.gz, /store/EQUIPES/SSFA/MEMBERS/thi-ngoc-ha.nguyen/Prostate_Singularity/data/X130827_UNC15_SN850_0325_BC2AV1ACXX_TAGCTT_L005_2.fastq.gz
    output: /data/work/I2BC/haoliang.xue/prad-tcga-relapse/kmer_counts/X130827_UNC15_SN850_0325_BC2AV1ACXX_TAGCTT_L005.jf
    log: /data/work/I2BC/haoliang.xue/prad-tcga-relapse/Logs/X130827_UNC15_SN850_0325_BC2AV1ACXX_TAGCTT_L005_jellyfishRawCounts_exec_time.log
    jobid: 54
    wildcards: sample=X130827_UNC15_SN850_0325_BC2AV1ACXX_TAGCTT_L005
    threads: 10
    resources: ram=3000

Submitted job 54 with external jobid '836119.pbsserver'.
[Mon Mar  1 16:01:52 2021]
Finished job 39.
4 of 65 steps (6%) done

[Mon Mar  1 16:01:52 2021]
rule jellyfish_count:
    input: /store/EQUIPES/SSFA/MEMBERS/thi-ngoc-ha.nguyen/Prostate_Singularity/data/X131016_UNC15_SN850_0333_AC2MBAACXX_GTGGCC_L006_1.fastq.gz, /store/EQUIPES/SSFA/MEMBERS/thi-ngoc-ha.nguyen/Prostate_Singularity/data/X131016_UNC15_SN850_0333_AC2MBAACXX_GTGGCC_L006_2.fastq.gz
    output: /data/work/I2BC/haoliang.xue/prad-tcga-relapse/kmer_counts/X131016_UNC15_SN850_0333_AC2MBAACXX_GTGGCC_L006.jf
    log: /data/work/I2BC/haoliang.xue/prad-tcga-relapse/Logs/X131016_UNC15_SN850_0333_AC2MBAACXX_GTGGCC_L006_jellyfishRawCounts_exec_time.log
    jobid: 43
    wildcards: sample=X131016_UNC15_SN850_0333_AC2MBAACXX_GTGGCC_L006
    threads: 10
    resources: ram=3000

[Mon Mar  1 16:01:52 2021]
Finished job 35.
5 of 65 steps (8%) done
Submitted job 43 with external jobid '836120.pbsserver'.

[Mon Mar  1 16:01:52 2021]
rule jellyfish_count:
    input: /store/EQUIPES/SSFA/MEMBERS/thi-ngoc-ha.nguyen/Prostate_Singularity/data/X130226_UNC14_SN744_0315_AD1V5TACXX_GCCAAT_L008_1.fastq.gz, /store/EQUIPES/SSFA/MEMBERS/thi-ngoc-ha.nguyen/Prostate_Singularity/data/X130226_UNC14_SN744_0315_AD1V5TACXX_GCCAAT_L008_2.fastq.gz
    output: /data/work/I2BC/haoliang.xue/prad-tcga-relapse/kmer_counts/X130226_UNC14_SN744_0315_AD1V5TACXX_GCCAAT_L008.jf
    log: /data/work/I2BC/haoliang.xue/prad-tcga-relapse/Logs/X130226_UNC14_SN744_0315_AD1V5TACXX_GCCAAT_L008_jellyfishRawCounts_exec_time.log
    jobid: 49
    wildcards: sample=X130226_UNC14_SN744_0315_AD1V5TACXX_GCCAAT_L008
    threads: 10
    resources: ram=3000

Submitted job 49 with external jobid '836121.pbsserver'.
[Mon Mar  1 16:04:32 2021]
Finished job 54.
6 of 65 steps (9%) done

[Mon Mar  1 16:04:32 2021]
rule jellyfish_count:
    input: /store/EQUIPES/SSFA/MEMBERS/thi-ngoc-ha.nguyen/Prostate_Singularity/data/X120514_UNC16_SN851_0158_AC0UWTACXX_ACTTGA_L003_1.fastq.gz, /store/EQUIPES/SSFA/MEMBERS/thi-ngoc-ha.nguyen/Prostate_Singularity/data/X120514_UNC16_SN851_0158_AC0UWTACXX_ACTTGA_L003_2.fastq.gz
    output: /data/work/I2BC/haoliang.xue/prad-tcga-relapse/kmer_counts/X120514_UNC16_SN851_0158_AC0UWTACXX_ACTTGA_L003.jf
    log: /data/work/I2BC/haoliang.xue/prad-tcga-relapse/Logs/X120514_UNC16_SN851_0158_AC0UWTACXX_ACTTGA_L003_jellyfishRawCounts_exec_time.log
    jobid: 42
    wildcards: sample=X120514_UNC16_SN851_0158_AC0UWTACXX_ACTTGA_L003
    threads: 10
    resources: ram=3000

Submitted job 42 with external jobid '836122.pbsserver'.
[Mon Mar  1 16:05:12 2021]
Finished job 43.
7 of 65 steps (11%) done

[Mon Mar  1 16:05:12 2021]
rule jellyfish_count:
    input: /store/EQUIPES/SSFA/MEMBERS/thi-ngoc-ha.nguyen/Prostate_Singularity/data/X140312_UNC11_SN627_0348_AC3KRYACXX_AGTTCC_L008_1.fastq.gz, /store/EQUIPES/SSFA/MEMBERS/thi-ngoc-ha.nguyen/Prostate_Singularity/data/X140312_UNC11_SN627_0348_AC3KRYACXX_AGTTCC_L008_2.fastq.gz
    output: /data/work/I2BC/haoliang.xue/prad-tcga-relapse/kmer_counts/X140312_UNC11_SN627_0348_AC3KRYACXX_AGTTCC_L008.jf
    log: /data/work/I2BC/haoliang.xue/prad-tcga-relapse/Logs/X140312_UNC11_SN627_0348_AC3KRYACXX_AGTTCC_L008_jellyfishRawCounts_exec_time.log
    jobid: 63
    wildcards: sample=X140312_UNC11_SN627_0348_AC3KRYACXX_AGTTCC_L008
    threads: 10
    resources: ram=3000

Submitted job 63 with external jobid '836123.pbsserver'.
[Mon Mar  1 16:05:53 2021]
Finished job 49.
8 of 65 steps (12%) done

[Mon Mar  1 16:05:53 2021]
rule jellyfish_count:
    input: /store/EQUIPES/SSFA/MEMBERS/thi-ngoc-ha.nguyen/Prostate_Singularity/data/X130226_UNC14_SN744_0315_AD1V5TACXX_GCCAAT_L003_1.fastq.gz, /store/EQUIPES/SSFA/MEMBERS/thi-ngoc-ha.nguyen/Prostate_Singularity/data/X130226_UNC14_SN744_0315_AD1V5TACXX_GCCAAT_L003_2.fastq.gz
    output: /data/work/I2BC/haoliang.xue/prad-tcga-relapse/kmer_counts/X130226_UNC14_SN744_0315_AD1V5TACXX_GCCAAT_L003.jf
    log: /data/work/I2BC/haoliang.xue/prad-tcga-relapse/Logs/X130226_UNC14_SN744_0315_AD1V5TACXX_GCCAAT_L003_jellyfishRawCounts_exec_time.log
    jobid: 45
    wildcards: sample=X130226_UNC14_SN744_0315_AD1V5TACXX_GCCAAT_L003
    threads: 10
    resources: ram=3000

Submitted job 45 with external jobid '836124.pbsserver'.
[Mon Mar  1 16:08:33 2021]
Finished job 42.
9 of 65 steps (14%) done

[Mon Mar  1 16:08:33 2021]
rule jellyfish_count:
    input: /store/EQUIPES/SSFA/MEMBERS/thi-ngoc-ha.nguyen/Prostate_Singularity/data/X120215_UNC10_SN254_0327_AC0CMCACXX_TAGCTT_L006_1.fastq.gz, /store/EQUIPES/SSFA/MEMBERS/thi-ngoc-ha.nguyen/Prostate_Singularity/data/X120215_UNC10_SN254_0327_AC0CMCACXX_TAGCTT_L006_2.fastq.gz
    output: /data/work/I2BC/haoliang.xue/prad-tcga-relapse/kmer_counts/X120215_UNC10_SN254_0327_AC0CMCACXX_TAGCTT_L006.jf
    log: /data/work/I2BC/haoliang.xue/prad-tcga-relapse/Logs/X120215_UNC10_SN254_0327_AC0CMCACXX_TAGCTT_L006_jellyfishRawCounts_exec_time.log
    jobid: 36
    wildcards: sample=X120215_UNC10_SN254_0327_AC0CMCACXX_TAGCTT_L006
    threads: 10
    resources: ram=3000

Submitted job 36 with external jobid '836125.pbsserver'.
[Mon Mar  1 16:09:13 2021]
Finished job 63.
10 of 65 steps (15%) done

[Mon Mar  1 16:09:13 2021]
rule jellyfish_count:
    input: /store/EQUIPES/SSFA/MEMBERS/thi-ngoc-ha.nguyen/Prostate_Singularity/data/X120430_UNC10_SN254_0353_AC0TGUACXX_TGACCA_L003_1.fastq.gz, /store/EQUIPES/SSFA/MEMBERS/thi-ngoc-ha.nguyen/Prostate_Singularity/data/X120430_UNC10_SN254_0353_AC0TGUACXX_TGACCA_L003_2.fastq.gz
    output: /data/work/I2BC/haoliang.xue/prad-tcga-relapse/kmer_counts/X120430_UNC10_SN254_0353_AC0TGUACXX_TGACCA_L003.jf
    log: /data/work/I2BC/haoliang.xue/prad-tcga-relapse/Logs/X120430_UNC10_SN254_0353_AC0TGUACXX_TGACCA_L003_jellyfishRawCounts_exec_time.log
    jobid: 40
    wildcards: sample=X120430_UNC10_SN254_0353_AC0TGUACXX_TGACCA_L003
    threads: 10
    resources: ram=3000

[Mon Mar  1 16:09:13 2021]
Finished job 45.
11 of 65 steps (17%) done
Submitted job 40 with external jobid '836126.pbsserver'.

[Mon Mar  1 16:09:13 2021]
rule jellyfish_count:
    input: /store/EQUIPES/SSFA/MEMBERS/thi-ngoc-ha.nguyen/Prostate_Singularity/data/X130226_UNC14_SN744_0315_AD1V5TACXX_CAGATC_L008_1.fastq.gz, /store/EQUIPES/SSFA/MEMBERS/thi-ngoc-ha.nguyen/Prostate_Singularity/data/X130226_UNC14_SN744_0315_AD1V5TACXX_CAGATC_L008_2.fastq.gz
    output: /data/work/I2BC/haoliang.xue/prad-tcga-relapse/kmer_counts/X130226_UNC14_SN744_0315_AD1V5TACXX_CAGATC_L008.jf
    log: /data/work/I2BC/haoliang.xue/prad-tcga-relapse/Logs/X130226_UNC14_SN744_0315_AD1V5TACXX_CAGATC_L008_jellyfishRawCounts_exec_time.log
    jobid: 51
    wildcards: sample=X130226_UNC14_SN744_0315_AD1V5TACXX_CAGATC_L008
    threads: 10
    resources: ram=3000

Submitted job 51 with external jobid '836127.pbsserver'.
[Mon Mar  1 16:11:54 2021]
Finished job 36.
12 of 65 steps (18%) done

[Mon Mar  1 16:11:54 2021]
rule jellyfish_count:
    input: /store/EQUIPES/SSFA/MEMBERS/thi-ngoc-ha.nguyen/Prostate_Singularity/data/X120507_UNC10_SN254_0355_AC0TR8ACXX_ACAGTG_L007_1.fastq.gz, /store/EQUIPES/SSFA/MEMBERS/thi-ngoc-ha.nguyen/Prostate_Singularity/data/X120507_UNC10_SN254_0355_AC0TR8ACXX_ACAGTG_L007_2.fastq.gz
    output: /data/work/I2BC/haoliang.xue/prad-tcga-relapse/kmer_counts/X120507_UNC10_SN254_0355_AC0TR8ACXX_ACAGTG_L007.jf
    log: /data/work/I2BC/haoliang.xue/prad-tcga-relapse/Logs/X120507_UNC10_SN254_0355_AC0TR8ACXX_ACAGTG_L007_jellyfishRawCounts_exec_time.log
    jobid: 50
    wildcards: sample=X120507_UNC10_SN254_0355_AC0TR8ACXX_ACAGTG_L007
    threads: 10
    resources: ram=3000

Submitted job 50 with external jobid '836128.pbsserver'.
[Mon Mar  1 16:12:34 2021]
Finished job 40.
13 of 65 steps (20%) done

[Mon Mar  1 16:12:34 2021]
rule jellyfish_count:
    input: /store/EQUIPES/SSFA/MEMBERS/thi-ngoc-ha.nguyen/Prostate_Singularity/data/X140312_UNC11_SN627_0348_AC3KRYACXX_ACTTGA_L002_1.fastq.gz, /store/EQUIPES/SSFA/MEMBERS/thi-ngoc-ha.nguyen/Prostate_Singularity/data/X140312_UNC11_SN627_0348_AC3KRYACXX_ACTTGA_L002_2.fastq.gz
    output: /data/work/I2BC/haoliang.xue/prad-tcga-relapse/kmer_counts/X140312_UNC11_SN627_0348_AC3KRYACXX_ACTTGA_L002.jf
    log: /data/work/I2BC/haoliang.xue/prad-tcga-relapse/Logs/X140312_UNC11_SN627_0348_AC3KRYACXX_ACTTGA_L002_jellyfishRawCounts_exec_time.log
    jobid: 55
    wildcards: sample=X140312_UNC11_SN627_0348_AC3KRYACXX_ACTTGA_L002
    threads: 10
    resources: ram=3000

[Mon Mar  1 16:12:34 2021]
Finished job 51.
14 of 65 steps (22%) done
Submitted job 55 with external jobid '836129.pbsserver'.

[Mon Mar  1 16:12:34 2021]
rule jellyfish_count:
    input: /store/EQUIPES/SSFA/MEMBERS/thi-ngoc-ha.nguyen/Prostate_Singularity/data/X120514_UNC11_SN627_0229_AD121AACXX_GATCAG_L006_1.fastq.gz, /store/EQUIPES/SSFA/MEMBERS/thi-ngoc-ha.nguyen/Prostate_Singularity/data/X120514_UNC11_SN627_0229_AD121AACXX_GATCAG_L006_2.fastq.gz
    output: /data/work/I2BC/haoliang.xue/prad-tcga-relapse/kmer_counts/X120514_UNC11_SN627_0229_AD121AACXX_GATCAG_L006.jf
    log: /data/work/I2BC/haoliang.xue/prad-tcga-relapse/Logs/X120514_UNC11_SN627_0229_AD121AACXX_GATCAG_L006_jellyfishRawCounts_exec_time.log
    jobid: 48
    wildcards: sample=X120514_UNC11_SN627_0229_AD121AACXX_GATCAG_L006
    threads: 10
    resources: ram=3000

Submitted job 48 with external jobid '836130.pbsserver'.
[Mon Mar  1 16:20:14 2021]
Finished job 48.
15 of 65 steps (23%) done

[Mon Mar  1 16:20:14 2021]
rule jellyfish_count:
    input: /store/EQUIPES/SSFA/MEMBERS/thi-ngoc-ha.nguyen/Prostate_Singularity/data/X140312_UNC15_SN850_0357_AC3M7FACXX_TTAGGC_L008_1.fastq.gz, /store/EQUIPES/SSFA/MEMBERS/thi-ngoc-ha.nguyen/Prostate_Singularity/data/X140312_UNC15_SN850_0357_AC3M7FACXX_TTAGGC_L008_2.fastq.gz
    output: /data/work/I2BC/haoliang.xue/prad-tcga-relapse/kmer_counts/X140312_UNC15_SN850_0357_AC3M7FACXX_TTAGGC_L008.jf
    log: /data/work/I2BC/haoliang.xue/prad-tcga-relapse/Logs/X140312_UNC15_SN850_0357_AC3M7FACXX_TTAGGC_L008_jellyfishRawCounts_exec_time.log
    jobid: 44
    wildcards: sample=X140312_UNC15_SN850_0357_AC3M7FACXX_TTAGGC_L008
    threads: 10
    resources: ram=3000

Submitted job 44 with external jobid '836131.pbsserver'.
[Mon Mar  1 16:20:54 2021]
Finished job 50.
16 of 65 steps (25%) done

[Mon Mar  1 16:20:54 2021]
rule jellyfish_count:
    input: /store/EQUIPES/SSFA/MEMBERS/thi-ngoc-ha.nguyen/Prostate_Singularity/data/X120215_UNC10_SN254_0327_AC0CMCACXX_TAGCTT_L007_1.fastq.gz, /store/EQUIPES/SSFA/MEMBERS/thi-ngoc-ha.nguyen/Prostate_Singularity/data/X120215_UNC10_SN254_0327_AC0CMCACXX_TAGCTT_L007_2.fastq.gz
    output: /data/work/I2BC/haoliang.xue/prad-tcga-relapse/kmer_counts/X120215_UNC10_SN254_0327_AC0CMCACXX_TAGCTT_L007.jf
    log: /data/work/I2BC/haoliang.xue/prad-tcga-relapse/Logs/X120215_UNC10_SN254_0327_AC0CMCACXX_TAGCTT_L007_jellyfishRawCounts_exec_time.log
    jobid: 37
    wildcards: sample=X120215_UNC10_SN254_0327_AC0CMCACXX_TAGCTT_L007
    threads: 10
    resources: ram=3000

[Mon Mar  1 16:20:55 2021]
Finished job 55.
17 of 65 steps (26%) done
Submitted job 37 with external jobid '836132.pbsserver'.

[Mon Mar  1 16:20:55 2021]
rule jellyfish_count:
    input: /store/EQUIPES/SSFA/MEMBERS/thi-ngoc-ha.nguyen/Prostate_Singularity/data/X120514_UNC16_SN851_0158_AC0UWTACXX_ACTTGA_L006_1.fastq.gz, /store/EQUIPES/SSFA/MEMBERS/thi-ngoc-ha.nguyen/Prostate_Singularity/data/X120514_UNC16_SN851_0158_AC0UWTACXX_ACTTGA_L006_2.fastq.gz
    output: /data/work/I2BC/haoliang.xue/prad-tcga-relapse/kmer_counts/X120514_UNC16_SN851_0158_AC0UWTACXX_ACTTGA_L006.jf
    log: /data/work/I2BC/haoliang.xue/prad-tcga-relapse/Logs/X120514_UNC16_SN851_0158_AC0UWTACXX_ACTTGA_L006_jellyfishRawCounts_exec_time.log
    jobid: 47
    wildcards: sample=X120514_UNC16_SN851_0158_AC0UWTACXX_ACTTGA_L006
    threads: 10
    resources: ram=3000

Submitted job 47 with external jobid '836133.pbsserver'.
[Mon Mar  1 16:24:35 2021]
Finished job 44.
18 of 65 steps (28%) done

[Mon Mar  1 16:24:35 2021]
rule jellyfish_count:
    input: /store/EQUIPES/SSFA/MEMBERS/thi-ngoc-ha.nguyen/Prostate_Singularity/data/X140318_UNC14_SN744_0403_AC3M3WACXX_GTGAAA_L003_1.fastq.gz, /store/EQUIPES/SSFA/MEMBERS/thi-ngoc-ha.nguyen/Prostate_Singularity/data/X140318_UNC14_SN744_0403_AC3M3WACXX_GTGAAA_L003_2.fastq.gz
    output: /data/work/I2BC/haoliang.xue/prad-tcga-relapse/kmer_counts/X140318_UNC14_SN744_0403_AC3M3WACXX_GTGAAA_L003.jf
    log: /data/work/I2BC/haoliang.xue/prad-tcga-relapse/Logs/X140318_UNC14_SN744_0403_AC3M3WACXX_GTGAAA_L003_jellyfishRawCounts_exec_time.log
    jobid: 60
    wildcards: sample=X140318_UNC14_SN744_0403_AC3M3WACXX_GTGAAA_L003
    threads: 10
    resources: ram=3000

[Mon Mar  1 16:24:35 2021]
Finished job 37.
19 of 65 steps (29%) done
[Mon Mar  1 16:24:35 2021]
Finished job 47.
20 of 65 steps (31%) done
Submitted job 60 with external jobid '836135.pbsserver'.

[Mon Mar  1 16:24:35 2021]
rule jellyfish_count:
    input: /store/EQUIPES/SSFA/MEMBERS/thi-ngoc-ha.nguyen/Prostate_Singularity/data/X140506_UNC15_SN850_0363_BC3YJYACXX_GATCAG_L004_1.fastq.gz, /store/EQUIPES/SSFA/MEMBERS/thi-ngoc-ha.nguyen/Prostate_Singularity/data/X140506_UNC15_SN850_0363_BC3YJYACXX_GATCAG_L004_2.fastq.gz
    output: /data/work/I2BC/haoliang.xue/prad-tcga-relapse/kmer_counts/X140506_UNC15_SN850_0363_BC3YJYACXX_GATCAG_L004.jf
    log: /data/work/I2BC/haoliang.xue/prad-tcga-relapse/Logs/X140506_UNC15_SN850_0363_BC3YJYACXX_GATCAG_L004_jellyfishRawCounts_exec_time.log
    jobid: 61
    wildcards: sample=X140506_UNC15_SN850_0363_BC3YJYACXX_GATCAG_L004
    threads: 10
    resources: ram=3000

Submitted job 61 with external jobid '836136.pbsserver'.

[Mon Mar  1 16:24:35 2021]
rule jellyfish_count:
    input: /store/EQUIPES/SSFA/MEMBERS/thi-ngoc-ha.nguyen/Prostate_Singularity/data/X130827_UNC15_SN850_0325_BC2AV1ACXX_ACTTGA_L004_1.fastq.gz, /store/EQUIPES/SSFA/MEMBERS/thi-ngoc-ha.nguyen/Prostate_Singularity/data/X130827_UNC15_SN850_0325_BC2AV1ACXX_ACTTGA_L004_2.fastq.gz
    output: /data/work/I2BC/haoliang.xue/prad-tcga-relapse/kmer_counts/X130827_UNC15_SN850_0325_BC2AV1ACXX_ACTTGA_L004.jf
    log: /data/work/I2BC/haoliang.xue/prad-tcga-relapse/Logs/X130827_UNC15_SN850_0325_BC2AV1ACXX_ACTTGA_L004_jellyfishRawCounts_exec_time.log
    jobid: 53
    wildcards: sample=X130827_UNC15_SN850_0325_BC2AV1ACXX_ACTTGA_L004
    threads: 10
    resources: ram=3000

Submitted job 53 with external jobid '836137.pbsserver'.
[Mon Mar  1 16:31:17 2021]
Finished job 53.
21 of 65 steps (32%) done

[Mon Mar  1 16:31:17 2021]
rule jellyfish_count:
    input: /store/EQUIPES/SSFA/MEMBERS/thi-ngoc-ha.nguyen/Prostate_Singularity/data/X111212_UNC15_SN850_0155_AD087AACXX_ACTTGA_L004_1.fastq.gz, /store/EQUIPES/SSFA/MEMBERS/thi-ngoc-ha.nguyen/Prostate_Singularity/data/X111212_UNC15_SN850_0155_AD087AACXX_ACTTGA_L004_2.fastq.gz
    output: /data/work/I2BC/haoliang.xue/prad-tcga-relapse/kmer_counts/X111212_UNC15_SN850_0155_AD087AACXX_ACTTGA_L004.jf
    log: /data/work/I2BC/haoliang.xue/prad-tcga-relapse/Logs/X111212_UNC15_SN850_0155_AD087AACXX_ACTTGA_L004_jellyfishRawCounts_exec_time.log
    jobid: 46
    wildcards: sample=X111212_UNC15_SN850_0155_AD087AACXX_ACTTGA_L004
    threads: 10
    resources: ram=3000

Submitted job 46 with external jobid '836138.pbsserver'.
[Mon Mar  1 16:31:59 2021]
Finished job 60.
22 of 65 steps (34%) done

[Mon Mar  1 16:31:59 2021]
rule jellyfish_count:
    input: /store/EQUIPES/SSFA/MEMBERS/thi-ngoc-ha.nguyen/Prostate_Singularity/data/X140318_UNC14_SN744_0403_AC3M3WACXX_ACAGTG_L002_1.fastq.gz, /store/EQUIPES/SSFA/MEMBERS/thi-ngoc-ha.nguyen/Prostate_Singularity/data/X140318_UNC14_SN744_0403_AC3M3WACXX_ACAGTG_L002_2.fastq.gz
    output: /data/work/I2BC/haoliang.xue/prad-tcga-relapse/kmer_counts/X140318_UNC14_SN744_0403_AC3M3WACXX_ACAGTG_L002.jf
    log: /data/work/I2BC/haoliang.xue/prad-tcga-relapse/Logs/X140318_UNC14_SN744_0403_AC3M3WACXX_ACAGTG_L002_jellyfishRawCounts_exec_time.log
    jobid: 58
    wildcards: sample=X140318_UNC14_SN744_0403_AC3M3WACXX_ACAGTG_L002
    threads: 10
    resources: ram=3000

Submitted job 58 with external jobid '836139.pbsserver'.
[Mon Mar  1 16:32:01 2021]
Finished job 61.
23 of 65 steps (35%) done

[Mon Mar  1 16:32:01 2021]
rule jellyfish_count:
    input: /store/EQUIPES/SSFA/MEMBERS/thi-ngoc-ha.nguyen/Prostate_Singularity/data/X130424_UNC11_SN627_0294_BC236MACXX_GTTTCG_L007_1.fastq.gz, /store/EQUIPES/SSFA/MEMBERS/thi-ngoc-ha.nguyen/Prostate_Singularity/data/X130424_UNC11_SN627_0294_BC236MACXX_GTTTCG_L007_2.fastq.gz
    output: /data/work/I2BC/haoliang.xue/prad-tcga-relapse/kmer_counts/X130424_UNC11_SN627_0294_BC236MACXX_GTTTCG_L007.jf
    log: /data/work/I2BC/haoliang.xue/prad-tcga-relapse/Logs/X130424_UNC11_SN627_0294_BC236MACXX_GTTTCG_L007_jellyfishRawCounts_exec_time.log
    jobid: 56
    wildcards: sample=X130424_UNC11_SN627_0294_BC236MACXX_GTTTCG_L007
    threads: 10
    resources: ram=3000

Submitted job 56 with external jobid '836140.pbsserver'.
[Mon Mar  1 16:34:42 2021]
Finished job 46.
24 of 65 steps (37%) done

[Mon Mar  1 16:34:42 2021]
rule jellyfish_count:
    input: /store/EQUIPES/SSFA/MEMBERS/thi-ngoc-ha.nguyen/Prostate_Singularity/data/X120521_UNC12_SN629_0212_AC0RWNACXX_TGACCA_L003_1.fastq.gz, /store/EQUIPES/SSFA/MEMBERS/thi-ngoc-ha.nguyen/Prostate_Singularity/data/X120521_UNC12_SN629_0212_AC0RWNACXX_TGACCA_L003_2.fastq.gz
    output: /data/work/I2BC/haoliang.xue/prad-tcga-relapse/kmer_counts/X120521_UNC12_SN629_0212_AC0RWNACXX_TGACCA_L003.jf
    log: /data/work/I2BC/haoliang.xue/prad-tcga-relapse/Logs/X120521_UNC12_SN629_0212_AC0RWNACXX_TGACCA_L003_jellyfishRawCounts_exec_time.log
    jobid: 52
    wildcards: sample=X120521_UNC12_SN629_0212_AC0RWNACXX_TGACCA_L003
    threads: 10
    resources: ram=3000

Submitted job 52 with external jobid '836141.pbsserver'.
[Mon Mar  1 16:34:44 2021]
Finished job 58.
25 of 65 steps (38%) done

[Mon Mar  1 16:34:44 2021]
rule jellyfish_count:
    input: /store/EQUIPES/SSFA/MEMBERS/thi-ngoc-ha.nguyen/Prostate_Singularity/data/X140509_UNC11_SN627_0357_BC4CGKACXX_ATGTCA_L002_1.fastq.gz, /store/EQUIPES/SSFA/MEMBERS/thi-ngoc-ha.nguyen/Prostate_Singularity/data/X140509_UNC11_SN627_0357_BC4CGKACXX_ATGTCA_L002_2.fastq.gz
    output: /data/work/I2BC/haoliang.xue/prad-tcga-relapse/kmer_counts/X140509_UNC11_SN627_0357_BC4CGKACXX_ATGTCA_L002.jf
    log: /data/work/I2BC/haoliang.xue/prad-tcga-relapse/Logs/X140509_UNC11_SN627_0357_BC4CGKACXX_ATGTCA_L002_jellyfishRawCounts_exec_time.log
    jobid: 62
    wildcards: sample=X140509_UNC11_SN627_0357_BC4CGKACXX_ATGTCA_L002
    threads: 10
    resources: ram=3000

Submitted job 62 with external jobid '836142.pbsserver'.
[Mon Mar  1 16:34:45 2021]
Finished job 56.
26 of 65 steps (40%) done

[Mon Mar  1 16:34:45 2021]
rule jellyfish_count:
    input: /store/EQUIPES/SSFA/MEMBERS/thi-ngoc-ha.nguyen/Prostate_Singularity/data/X140325_UNC15_SN850_0358_AC3LP7ACXX_GATCAG_L001_1.fastq.gz, /store/EQUIPES/SSFA/MEMBERS/thi-ngoc-ha.nguyen/Prostate_Singularity/data/X140325_UNC15_SN850_0358_AC3LP7ACXX_GATCAG_L001_2.fastq.gz
    output: /data/work/I2BC/haoliang.xue/prad-tcga-relapse/kmer_counts/X140325_UNC15_SN850_0358_AC3LP7ACXX_GATCAG_L001.jf
    log: /data/work/I2BC/haoliang.xue/prad-tcga-relapse/Logs/X140325_UNC15_SN850_0358_AC3LP7ACXX_GATCAG_L001_jellyfishRawCounts_exec_time.log
    jobid: 57
    wildcards: sample=X140325_UNC15_SN850_0358_AC3LP7ACXX_GATCAG_L001
    threads: 10
    resources: ram=3000

Submitted job 57 with external jobid '836143.pbsserver'.
[Mon Mar  1 16:37:16 2021]
Finished job 52.
27 of 65 steps (42%) done

[Mon Mar  1 16:37:16 2021]
rule jellyfish_count:
    input: /store/EQUIPES/SSFA/MEMBERS/thi-ngoc-ha.nguyen/Prostate_Singularity/data/X120425_UNC11_SN627_0224_BD0VAKACXX_TAGCTT_L004_1.fastq.gz, /store/EQUIPES/SSFA/MEMBERS/thi-ngoc-ha.nguyen/Prostate_Singularity/data/X120425_UNC11_SN627_0224_BD0VAKACXX_TAGCTT_L004_2.fastq.gz
    output: /data/work/I2BC/haoliang.xue/prad-tcga-relapse/kmer_counts/X120425_UNC11_SN627_0224_BD0VAKACXX_TAGCTT_L004.jf
    log: /data/work/I2BC/haoliang.xue/prad-tcga-relapse/Logs/X120425_UNC11_SN627_0224_BD0VAKACXX_TAGCTT_L004_jellyfishRawCounts_exec_time.log
    jobid: 34
    wildcards: sample=X120425_UNC11_SN627_0224_BD0VAKACXX_TAGCTT_L004
    threads: 10
    resources: ram=3000

Submitted job 34 with external jobid '836144.pbsserver'.
[Mon Mar  1 16:37:16 2021]
Finished job 57.
28 of 65 steps (43%) done

[Mon Mar  1 16:37:16 2021]
rule jellyfish_count:
    input: /store/EQUIPES/SSFA/MEMBERS/thi-ngoc-ha.nguyen/Prostate_Singularity/data/X140318_UNC14_SN744_0403_AC3M3WACXX_ACAGTG_L006_1.fastq.gz, /store/EQUIPES/SSFA/MEMBERS/thi-ngoc-ha.nguyen/Prostate_Singularity/data/X140318_UNC14_SN744_0403_AC3M3WACXX_ACAGTG_L006_2.fastq.gz
    output: /data/work/I2BC/haoliang.xue/prad-tcga-relapse/kmer_counts/X140318_UNC14_SN744_0403_AC3M3WACXX_ACAGTG_L006.jf
    log: /data/work/I2BC/haoliang.xue/prad-tcga-relapse/Logs/X140318_UNC14_SN744_0403_AC3M3WACXX_ACAGTG_L006_jellyfishRawCounts_exec_time.log
    jobid: 59
    wildcards: sample=X140318_UNC14_SN744_0403_AC3M3WACXX_ACAGTG_L006
    threads: 10
    resources: ram=3000

Submitted job 59 with external jobid '836145.pbsserver'.
[Mon Mar  1 16:37:26 2021]
Finished job 62.
29 of 65 steps (45%) done

[Mon Mar  1 16:37:26 2021]
rule jellyfish_count:
    input: /store/EQUIPES/SSFA/MEMBERS/thi-ngoc-ha.nguyen/Prostate_Singularity/data/X120425_UNC11_SN627_0224_BD0VAKACXX_GATCAG_L008_1.fastq.gz, /store/EQUIPES/SSFA/MEMBERS/thi-ngoc-ha.nguyen/Prostate_Singularity/data/X120425_UNC11_SN627_0224_BD0VAKACXX_GATCAG_L008_2.fastq.gz
    output: /data/work/I2BC/haoliang.xue/prad-tcga-relapse/kmer_counts/X120425_UNC11_SN627_0224_BD0VAKACXX_GATCAG_L008.jf
    log: /data/work/I2BC/haoliang.xue/prad-tcga-relapse/Logs/X120425_UNC11_SN627_0224_BD0VAKACXX_GATCAG_L008_jellyfishRawCounts_exec_time.log
    jobid: 33
    wildcards: sample=X120425_UNC11_SN627_0224_BD0VAKACXX_GATCAG_L008
    threads: 10
    resources: ram=3000

Submitted job 33 with external jobid '836146.pbsserver'.
[Mon Mar  1 16:40:06 2021]
Finished job 34.
30 of 65 steps (46%) done

[Mon Mar  1 16:40:06 2021]
rule jellyfish_dump:
    input: /data/work/I2BC/haoliang.xue/prad-tcga-relapse/kmer_counts/X120501_UNC16_SN851_0154_BC0MB8ACXX_ACTTGA_L008.jf
    output: /data/work/I2BC/haoliang.xue/prad-tcga-relapse/kmer_counts/X120501_UNC16_SN851_0154_BC0MB8ACXX_ACTTGA_L008.txt.gz
    log: /data/work/I2BC/haoliang.xue/prad-tcga-relapse/Logs/X120501_UNC16_SN851_0154_BC0MB8ACXX_ACTTGA_L008_jellyfishDumpRawCounts_exec_time.log
    jobid: 9
    wildcards: sample=X120501_UNC16_SN851_0154_BC0MB8ACXX_ACTTGA_L008
    threads: 10
    resources: ram=3000

[Mon Mar  1 16:40:06 2021]
Finished job 59.
31 of 65 steps (48%) done
[Mon Mar  1 16:40:06 2021]
Finished job 33.
32 of 65 steps (49%) done
Submitted job 9 with external jobid '836148.pbsserver'.

[Mon Mar  1 16:40:06 2021]
rule jellyfish_dump:
    input: /data/work/I2BC/haoliang.xue/prad-tcga-relapse/kmer_counts/X130226_UNC14_SN744_0315_AD1V5TACXX_CAGATC_L008.jf
    output: /data/work/I2BC/haoliang.xue/prad-tcga-relapse/kmer_counts/X130226_UNC14_SN744_0315_AD1V5TACXX_CAGATC_L008.txt.gz
    log: /data/work/I2BC/haoliang.xue/prad-tcga-relapse/Logs/X130226_UNC14_SN744_0315_AD1V5TACXX_CAGATC_L008_jellyfishDumpRawCounts_exec_time.log
    jobid: 19
    wildcards: sample=X130226_UNC14_SN744_0315_AD1V5TACXX_CAGATC_L008
    threads: 10
    resources: ram=3000

Submitted job 19 with external jobid '836149.pbsserver'.

[Mon Mar  1 16:40:06 2021]
rule jellyfish_dump:
    input: /data/work/I2BC/haoliang.xue/prad-tcga-relapse/kmer_counts/X140312_UNC11_SN627_0348_AC3KRYACXX_AGTTCC_L008.jf
    output: /data/work/I2BC/haoliang.xue/prad-tcga-relapse/kmer_counts/X140312_UNC11_SN627_0348_AC3KRYACXX_AGTTCC_L008.txt.gz
    log: /data/work/I2BC/haoliang.xue/prad-tcga-relapse/Logs/X140312_UNC11_SN627_0348_AC3KRYACXX_AGTTCC_L008_jellyfishDumpRawCounts_exec_time.log
    jobid: 31
    wildcards: sample=X140312_UNC11_SN627_0348_AC3KRYACXX_AGTTCC_L008
    threads: 10
    resources: ram=3000

Submitted job 31 with external jobid '836150.pbsserver'.
[Mon Mar  1 16:42:46 2021]
Finished job 19.
33 of 65 steps (51%) done

[Mon Mar  1 16:42:46 2021]
rule jellyfish_dump:
    input: /data/work/I2BC/haoliang.xue/prad-tcga-relapse/kmer_counts/X120507_UNC10_SN254_0355_AC0TR8ACXX_ACAGTG_L007.jf
    output: /data/work/I2BC/haoliang.xue/prad-tcga-relapse/kmer_counts/X120507_UNC10_SN254_0355_AC0TR8ACXX_ACAGTG_L007.txt.gz
    log: /data/work/I2BC/haoliang.xue/prad-tcga-relapse/Logs/X120507_UNC10_SN254_0355_AC0TR8ACXX_ACAGTG_L007_jellyfishDumpRawCounts_exec_time.log
    jobid: 18
    wildcards: sample=X120507_UNC10_SN254_0355_AC0TR8ACXX_ACAGTG_L007
    threads: 10
    resources: ram=3000

[Mon Mar  1 16:42:46 2021]
Finished job 31.
34 of 65 steps (52%) done
Submitted job 18 with external jobid '836151.pbsserver'.

[Mon Mar  1 16:42:46 2021]
rule jellyfish_dump:
    input: /data/work/I2BC/haoliang.xue/prad-tcga-relapse/kmer_counts/X120215_UNC10_SN254_0327_AC0CMCACXX_TAGCTT_L006.jf
    output: /data/work/I2BC/haoliang.xue/prad-tcga-relapse/kmer_counts/X120215_UNC10_SN254_0327_AC0CMCACXX_TAGCTT_L006.txt.gz
    log: /data/work/I2BC/haoliang.xue/prad-tcga-relapse/Logs/X120215_UNC10_SN254_0327_AC0CMCACXX_TAGCTT_L006_jellyfishDumpRawCounts_exec_time.log
    jobid: 4
    wildcards: sample=X120215_UNC10_SN254_0327_AC0CMCACXX_TAGCTT_L006
    threads: 10
    resources: ram=3000

Submitted job 4 with external jobid '836152.pbsserver'.
[Mon Mar  1 16:44:27 2021]
Finished job 9.
35 of 65 steps (54%) done

[Mon Mar  1 16:44:27 2021]
rule jellyfish_dump:
    input: /data/work/I2BC/haoliang.xue/prad-tcga-relapse/kmer_counts/X140312_UNC11_SN627_0348_AC3KRYACXX_ACTTGA_L002.jf
    output: /data/work/I2BC/haoliang.xue/prad-tcga-relapse/kmer_counts/X140312_UNC11_SN627_0348_AC3KRYACXX_ACTTGA_L002.txt.gz
    log: /data/work/I2BC/haoliang.xue/prad-tcga-relapse/Logs/X140312_UNC11_SN627_0348_AC3KRYACXX_ACTTGA_L002_jellyfishDumpRawCounts_exec_time.log
    jobid: 23
    wildcards: sample=X140312_UNC11_SN627_0348_AC3KRYACXX_ACTTGA_L002
    threads: 10
    resources: ram=3000

Submitted job 23 with external jobid '836153.pbsserver'.
[Mon Mar  1 16:46:07 2021]
Finished job 18.
36 of 65 steps (55%) done

[Mon Mar  1 16:46:07 2021]
rule jellyfish_dump:
    input: /data/work/I2BC/haoliang.xue/prad-tcga-relapse/kmer_counts/X140820_UNC17_D00216_0241_BC5DBKACXX_CGATGT_L005.jf
    output: /data/work/I2BC/haoliang.xue/prad-tcga-relapse/kmer_counts/X140820_UNC17_D00216_0241_BC5DBKACXX_CGATGT_L005.txt.gz
    log: /data/work/I2BC/haoliang.xue/prad-tcga-relapse/Logs/X140820_UNC17_D00216_0241_BC5DBKACXX_CGATGT_L005_jellyfishDumpRawCounts_exec_time.log
    jobid: 32
    wildcards: sample=X140820_UNC17_D00216_0241_BC5DBKACXX_CGATGT_L005
    threads: 10
    resources: ram=3000

[Mon Mar  1 16:46:07 2021]
Finished job 4.
37 of 65 steps (57%) done
Submitted job 32 with external jobid '836154.pbsserver'.

[Mon Mar  1 16:46:07 2021]
rule jellyfish_dump:
    input: /data/work/I2BC/haoliang.xue/prad-tcga-relapse/kmer_counts/X120430_UNC10_SN254_0353_AC0TGUACXX_TGACCA_L003.jf
    output: /data/work/I2BC/haoliang.xue/prad-tcga-relapse/kmer_counts/X120430_UNC10_SN254_0353_AC0TGUACXX_TGACCA_L003.txt.gz
    log: /data/work/I2BC/haoliang.xue/prad-tcga-relapse/Logs/X120430_UNC10_SN254_0353_AC0TGUACXX_TGACCA_L003_jellyfishDumpRawCounts_exec_time.log
    jobid: 8
    wildcards: sample=X120430_UNC10_SN254_0353_AC0TGUACXX_TGACCA_L003
    threads: 10
    resources: ram=3000

Submitted job 8 with external jobid '836155.pbsserver'.
[Mon Mar  1 16:46:47 2021]
Finished job 23.
38 of 65 steps (58%) done

[Mon Mar  1 16:46:47 2021]
rule jellyfish_dump:
    input: /data/work/I2BC/haoliang.xue/prad-tcga-relapse/kmer_counts/X120611_UNC15_SN850_0219_BD120UACXX_GCCAAT_L003.jf
    output: /data/work/I2BC/haoliang.xue/prad-tcga-relapse/kmer_counts/X120611_UNC15_SN850_0219_BD120UACXX_GCCAAT_L003.txt.gz
    log: /data/work/I2BC/haoliang.xue/prad-tcga-relapse/Logs/X120611_UNC15_SN850_0219_BD120UACXX_GCCAAT_L003_jellyfishDumpRawCounts_exec_time.log
    jobid: 7
    wildcards: sample=X120611_UNC15_SN850_0219_BD120UACXX_GCCAAT_L003
    threads: 10
    resources: ram=3000

Submitted job 7 with external jobid '836156.pbsserver'.
[Mon Mar  1 16:48:27 2021]
Finished job 8.
39 of 65 steps (60%) done

[Mon Mar  1 16:48:27 2021]
rule jellyfish_dump:
    input: /data/work/I2BC/haoliang.xue/prad-tcga-relapse/kmer_counts/X120604_UNC13_SN749_0180_BD127FACXX_GCCAAT_L004.jf
    output: /data/work/I2BC/haoliang.xue/prad-tcga-relapse/kmer_counts/X120604_UNC13_SN749_0180_BD127FACXX_GCCAAT_L004.txt.gz
    log: /data/work/I2BC/haoliang.xue/prad-tcga-relapse/Logs/X120604_UNC13_SN749_0180_BD127FACXX_GCCAAT_L004_jellyfishDumpRawCounts_exec_time.log
    jobid: 6
    wildcards: sample=X120604_UNC13_SN749_0180_BD127FACXX_GCCAAT_L004
    threads: 10
    resources: ram=3000

Submitted job 6 with external jobid '836158.pbsserver'.
[Mon Mar  1 16:48:37 2021]
Finished job 32.
40 of 65 steps (62%) done

[Mon Mar  1 16:48:37 2021]
rule jellyfish_dump:
    input: /data/work/I2BC/haoliang.xue/prad-tcga-relapse/kmer_counts/X140318_UNC14_SN744_0403_AC3M3WACXX_GTGAAA_L003.jf
    output: /data/work/I2BC/haoliang.xue/prad-tcga-relapse/kmer_counts/X140318_UNC14_SN744_0403_AC3M3WACXX_GTGAAA_L003.txt.gz
    log: /data/work/I2BC/haoliang.xue/prad-tcga-relapse/Logs/X140318_UNC14_SN744_0403_AC3M3WACXX_GTGAAA_L003_jellyfishDumpRawCounts_exec_time.log
    jobid: 28
    wildcards: sample=X140318_UNC14_SN744_0403_AC3M3WACXX_GTGAAA_L003
    threads: 10
    resources: ram=3000

Submitted job 28 with external jobid '836159.pbsserver'.
[Mon Mar  1 16:49:17 2021]
Finished job 7.
41 of 65 steps (63%) done

[Mon Mar  1 16:49:17 2021]
rule jellyfish_dump:
    input: /data/work/I2BC/haoliang.xue/prad-tcga-relapse/kmer_counts/X130226_UNC14_SN744_0315_AD1V5TACXX_GCCAAT_L003.jf
    output: /data/work/I2BC/haoliang.xue/prad-tcga-relapse/kmer_counts/X130226_UNC14_SN744_0315_AD1V5TACXX_GCCAAT_L003.txt.gz
    log: /data/work/I2BC/haoliang.xue/prad-tcga-relapse/Logs/X130226_UNC14_SN744_0315_AD1V5TACXX_GCCAAT_L003_jellyfishDumpRawCounts_exec_time.log
    jobid: 13
    wildcards: sample=X130226_UNC14_SN744_0315_AD1V5TACXX_GCCAAT_L003
    threads: 10
    resources: ram=3000

Submitted job 13 with external jobid '836160.pbsserver'.
[Mon Mar  1 16:50:57 2021]
Finished job 6.
42 of 65 steps (65%) done

[Mon Mar  1 16:50:57 2021]
rule jellyfish_dump:
    input: /data/work/I2BC/haoliang.xue/prad-tcga-relapse/kmer_counts/X120514_UNC16_SN851_0158_AC0UWTACXX_ACTTGA_L003.jf
    output: /data/work/I2BC/haoliang.xue/prad-tcga-relapse/kmer_counts/X120514_UNC16_SN851_0158_AC0UWTACXX_ACTTGA_L003.txt.gz
    log: /data/work/I2BC/haoliang.xue/prad-tcga-relapse/Logs/X120514_UNC16_SN851_0158_AC0UWTACXX_ACTTGA_L003_jellyfishDumpRawCounts_exec_time.log
    jobid: 10
    wildcards: sample=X120514_UNC16_SN851_0158_AC0UWTACXX_ACTTGA_L003
    threads: 10
    resources: ram=3000

[Mon Mar  1 16:50:57 2021]
Finished job 28.
43 of 65 steps (66%) done
Submitted job 10 with external jobid '836161.pbsserver'.

[Mon Mar  1 16:50:57 2021]
rule jellyfish_dump:
    input: /data/work/I2BC/haoliang.xue/prad-tcga-relapse/kmer_counts/X120215_UNC10_SN254_0327_AC0CMCACXX_TAGCTT_L007.jf
    output: /data/work/I2BC/haoliang.xue/prad-tcga-relapse/kmer_counts/X120215_UNC10_SN254_0327_AC0CMCACXX_TAGCTT_L007.txt.gz
    log: /data/work/I2BC/haoliang.xue/prad-tcga-relapse/Logs/X120215_UNC10_SN254_0327_AC0CMCACXX_TAGCTT_L007_jellyfishDumpRawCounts_exec_time.log
    jobid: 5
    wildcards: sample=X120215_UNC10_SN254_0327_AC0CMCACXX_TAGCTT_L007
    threads: 10
    resources: ram=3000

Submitted job 5 with external jobid '836162.pbsserver'.
[Mon Mar  1 16:51:37 2021]
Finished job 13.
44 of 65 steps (68%) done

[Mon Mar  1 16:51:37 2021]
rule jellyfish_dump:
    input: /data/work/I2BC/haoliang.xue/prad-tcga-relapse/kmer_counts/X120604_UNC13_SN749_0179_AC0V5LACXX_GCCAAT_L004.jf
    output: /data/work/I2BC/haoliang.xue/prad-tcga-relapse/kmer_counts/X120604_UNC13_SN749_0179_AC0V5LACXX_GCCAAT_L004.txt.gz
    log: /data/work/I2BC/haoliang.xue/prad-tcga-relapse/Logs/X120604_UNC13_SN749_0179_AC0V5LACXX_GCCAAT_L004_jellyfishDumpRawCounts_exec_time.log
    jobid: 3
    wildcards: sample=X120604_UNC13_SN749_0179_AC0V5LACXX_GCCAAT_L004
    threads: 10
    resources: ram=3000

Submitted job 3 with external jobid '836163.pbsserver'.
[Mon Mar  1 16:53:18 2021]
Finished job 10.
45 of 65 steps (69%) done

[Mon Mar  1 16:53:18 2021]
rule jellyfish_dump:
    input: /data/work/I2BC/haoliang.xue/prad-tcga-relapse/kmer_counts/X130827_UNC15_SN850_0325_BC2AV1ACXX_TAGCTT_L005.jf
    output: /data/work/I2BC/haoliang.xue/prad-tcga-relapse/kmer_counts/X130827_UNC15_SN850_0325_BC2AV1ACXX_TAGCTT_L005.txt.gz
    log: /data/work/I2BC/haoliang.xue/prad-tcga-relapse/Logs/X130827_UNC15_SN850_0325_BC2AV1ACXX_TAGCTT_L005_jellyfishDumpRawCounts_exec_time.log
    jobid: 22
    wildcards: sample=X130827_UNC15_SN850_0325_BC2AV1ACXX_TAGCTT_L005
    threads: 10
    resources: ram=3000

[Mon Mar  1 16:53:18 2021]
Finished job 5.
46 of 65 steps (71%) done
Submitted job 22 with external jobid '836164.pbsserver'.

[Mon Mar  1 16:53:18 2021]
rule jellyfish_dump:
    input: /data/work/I2BC/haoliang.xue/prad-tcga-relapse/kmer_counts/X140506_UNC15_SN850_0363_BC3YJYACXX_GATCAG_L004.jf
    output: /data/work/I2BC/haoliang.xue/prad-tcga-relapse/kmer_counts/X140506_UNC15_SN850_0363_BC3YJYACXX_GATCAG_L004.txt.gz
    log: /data/work/I2BC/haoliang.xue/prad-tcga-relapse/Logs/X140506_UNC15_SN850_0363_BC3YJYACXX_GATCAG_L004_jellyfishDumpRawCounts_exec_time.log
    jobid: 29
    wildcards: sample=X140506_UNC15_SN850_0363_BC3YJYACXX_GATCAG_L004
    threads: 10
    resources: ram=3000

Submitted job 29 with external jobid '836165.pbsserver'.
[Mon Mar  1 16:53:58 2021]
Finished job 3.
47 of 65 steps (72%) done

[Mon Mar  1 16:53:58 2021]
rule jellyfish_dump:
    input: /data/work/I2BC/haoliang.xue/prad-tcga-relapse/kmer_counts/X130226_UNC14_SN744_0315_AD1V5TACXX_GCCAAT_L008.jf
    output: /data/work/I2BC/haoliang.xue/prad-tcga-relapse/kmer_counts/X130226_UNC14_SN744_0315_AD1V5TACXX_GCCAAT_L008.txt.gz
    log: /data/work/I2BC/haoliang.xue/prad-tcga-relapse/Logs/X130226_UNC14_SN744_0315_AD1V5TACXX_GCCAAT_L008_jellyfishDumpRawCounts_exec_time.log
    jobid: 17
    wildcards: sample=X130226_UNC14_SN744_0315_AD1V5TACXX_GCCAAT_L008
    threads: 10
    resources: ram=3000

Submitted job 17 with external jobid '836166.pbsserver'.
[Mon Mar  1 16:55:38 2021]
Finished job 22.
48 of 65 steps (74%) done

[Mon Mar  1 16:55:38 2021]
rule jellyfish_dump:
    input: /data/work/I2BC/haoliang.xue/prad-tcga-relapse/kmer_counts/X130424_UNC11_SN627_0294_BC236MACXX_GTTTCG_L007.jf
    output: /data/work/I2BC/haoliang.xue/prad-tcga-relapse/kmer_counts/X130424_UNC11_SN627_0294_BC236MACXX_GTTTCG_L007.txt.gz
    log: /data/work/I2BC/haoliang.xue/prad-tcga-relapse/Logs/X130424_UNC11_SN627_0294_BC236MACXX_GTTTCG_L007_jellyfishDumpRawCounts_exec_time.log
    jobid: 24
    wildcards: sample=X130424_UNC11_SN627_0294_BC236MACXX_GTTTCG_L007
    threads: 10
    resources: ram=3000

[Mon Mar  1 16:55:38 2021]
Finished job 29.
49 of 65 steps (75%) done
Submitted job 24 with external jobid '836167.pbsserver'.

[Mon Mar  1 16:55:38 2021]
rule jellyfish_dump:
    input: /data/work/I2BC/haoliang.xue/prad-tcga-relapse/kmer_counts/X120514_UNC16_SN851_0158_AC0UWTACXX_ACTTGA_L006.jf
    output: /data/work/I2BC/haoliang.xue/prad-tcga-relapse/kmer_counts/X120514_UNC16_SN851_0158_AC0UWTACXX_ACTTGA_L006.txt.gz
    log: /data/work/I2BC/haoliang.xue/prad-tcga-relapse/Logs/X120514_UNC16_SN851_0158_AC0UWTACXX_ACTTGA_L006_jellyfishDumpRawCounts_exec_time.log
    jobid: 15
    wildcards: sample=X120514_UNC16_SN851_0158_AC0UWTACXX_ACTTGA_L006
    threads: 10
    resources: ram=3000

Submitted job 15 with external jobid '836168.pbsserver'.
[Mon Mar  1 16:56:18 2021]
Finished job 17.
50 of 65 steps (77%) done

[Mon Mar  1 16:56:18 2021]
rule jellyfish_dump:
    input: /data/work/I2BC/haoliang.xue/prad-tcga-relapse/kmer_counts/X140312_UNC15_SN850_0357_AC3M7FACXX_TTAGGC_L008.jf
    output: /data/work/I2BC/haoliang.xue/prad-tcga-relapse/kmer_counts/X140312_UNC15_SN850_0357_AC3M7FACXX_TTAGGC_L008.txt.gz
    log: /data/work/I2BC/haoliang.xue/prad-tcga-relapse/Logs/X140312_UNC15_SN850_0357_AC3M7FACXX_TTAGGC_L008_jellyfishDumpRawCounts_exec_time.log
    jobid: 12
    wildcards: sample=X140312_UNC15_SN850_0357_AC3M7FACXX_TTAGGC_L008
    threads: 10
    resources: ram=3000

Submitted job 12 with external jobid '836169.pbsserver'.
[Mon Mar  1 16:57:58 2021]
Finished job 24.
51 of 65 steps (78%) done

[Mon Mar  1 16:57:58 2021]
rule jellyfish_dump:
    input: /data/work/I2BC/haoliang.xue/prad-tcga-relapse/kmer_counts/X140318_UNC14_SN744_0403_AC3M3WACXX_ACAGTG_L002.jf
    output: /data/work/I2BC/haoliang.xue/prad-tcga-relapse/kmer_counts/X140318_UNC14_SN744_0403_AC3M3WACXX_ACAGTG_L002.txt.gz
    log: /data/work/I2BC/haoliang.xue/prad-tcga-relapse/Logs/X140318_UNC14_SN744_0403_AC3M3WACXX_ACAGTG_L002_jellyfishDumpRawCounts_exec_time.log
    jobid: 26
    wildcards: sample=X140318_UNC14_SN744_0403_AC3M3WACXX_ACAGTG_L002
    threads: 10
    resources: ram=3000

[Mon Mar  1 16:57:58 2021]
Finished job 15.
52 of 65 steps (80%) done
Submitted job 26 with external jobid '836170.pbsserver'.

[Mon Mar  1 16:57:58 2021]
rule jellyfish_dump:
    input: /data/work/I2BC/haoliang.xue/prad-tcga-relapse/kmer_counts/X120425_UNC11_SN627_0224_BD0VAKACXX_TAGCTT_L004.jf
    output: /data/work/I2BC/haoliang.xue/prad-tcga-relapse/kmer_counts/X120425_UNC11_SN627_0224_BD0VAKACXX_TAGCTT_L004.txt.gz
    log: /data/work/I2BC/haoliang.xue/prad-tcga-relapse/Logs/X120425_UNC11_SN627_0224_BD0VAKACXX_TAGCTT_L004_jellyfishDumpRawCounts_exec_time.log
    jobid: 2
    wildcards: sample=X120425_UNC11_SN627_0224_BD0VAKACXX_TAGCTT_L004
    threads: 10
    resources: ram=3000

Submitted job 2 with external jobid '836171.pbsserver'.
[Mon Mar  1 16:58:38 2021]
Finished job 12.
53 of 65 steps (82%) done

[Mon Mar  1 16:58:38 2021]
rule jellyfish_dump:
    input: /data/work/I2BC/haoliang.xue/prad-tcga-relapse/kmer_counts/X140318_UNC14_SN744_0403_AC3M3WACXX_ACAGTG_L006.jf
    output: /data/work/I2BC/haoliang.xue/prad-tcga-relapse/kmer_counts/X140318_UNC14_SN744_0403_AC3M3WACXX_ACAGTG_L006.txt.gz
    log: /data/work/I2BC/haoliang.xue/prad-tcga-relapse/Logs/X140318_UNC14_SN744_0403_AC3M3WACXX_ACAGTG_L006_jellyfishDumpRawCounts_exec_time.log
    jobid: 27
    wildcards: sample=X140318_UNC14_SN744_0403_AC3M3WACXX_ACAGTG_L006
    threads: 10
    resources: ram=3000

Submitted job 27 with external jobid '836172.pbsserver'.
[Mon Mar  1 17:00:18 2021]
Finished job 26.
54 of 65 steps (83%) done

[Mon Mar  1 17:00:18 2021]
rule jellyfish_dump:
    input: /data/work/I2BC/haoliang.xue/prad-tcga-relapse/kmer_counts/X140509_UNC11_SN627_0357_BC4CGKACXX_ATGTCA_L002.jf
    output: /data/work/I2BC/haoliang.xue/prad-tcga-relapse/kmer_counts/X140509_UNC11_SN627_0357_BC4CGKACXX_ATGTCA_L002.txt.gz
    log: /data/work/I2BC/haoliang.xue/prad-tcga-relapse/Logs/X140509_UNC11_SN627_0357_BC4CGKACXX_ATGTCA_L002_jellyfishDumpRawCounts_exec_time.log
    jobid: 30
    wildcards: sample=X140509_UNC11_SN627_0357_BC4CGKACXX_ATGTCA_L002
    threads: 10
    resources: ram=3000

[Mon Mar  1 17:00:18 2021]
Finished job 2.
55 of 65 steps (85%) done
Submitted job 30 with external jobid '836173.pbsserver'.

[Mon Mar  1 17:00:19 2021]
rule jellyfish_dump:
    input: /data/work/I2BC/haoliang.xue/prad-tcga-relapse/kmer_counts/X131016_UNC15_SN850_0333_AC2MBAACXX_GTGGCC_L006.jf
    output: /data/work/I2BC/haoliang.xue/prad-tcga-relapse/kmer_counts/X131016_UNC15_SN850_0333_AC2MBAACXX_GTGGCC_L006.txt.gz
    log: /data/work/I2BC/haoliang.xue/prad-tcga-relapse/Logs/X131016_UNC15_SN850_0333_AC2MBAACXX_GTGGCC_L006_jellyfishDumpRawCounts_exec_time.log
    jobid: 11
    wildcards: sample=X131016_UNC15_SN850_0333_AC2MBAACXX_GTGGCC_L006
    threads: 10
    resources: ram=3000

Submitted job 11 with external jobid '836174.pbsserver'.
[Mon Mar  1 17:00:59 2021]
Finished job 27.
56 of 65 steps (86%) done

[Mon Mar  1 17:00:59 2021]
rule jellyfish_dump:
    input: /data/work/I2BC/haoliang.xue/prad-tcga-relapse/kmer_counts/X111212_UNC15_SN850_0155_AD087AACXX_ACTTGA_L004.jf
    output: /data/work/I2BC/haoliang.xue/prad-tcga-relapse/kmer_counts/X111212_UNC15_SN850_0155_AD087AACXX_ACTTGA_L004.txt.gz
    log: /data/work/I2BC/haoliang.xue/prad-tcga-relapse/Logs/X111212_UNC15_SN850_0155_AD087AACXX_ACTTGA_L004_jellyfishDumpRawCounts_exec_time.log
    jobid: 14
    wildcards: sample=X111212_UNC15_SN850_0155_AD087AACXX_ACTTGA_L004
    threads: 10
    resources: ram=3000

Submitted job 14 with external jobid '836175.pbsserver'.
[Mon Mar  1 17:04:39 2021]
Finished job 30.
57 of 65 steps (88%) done

[Mon Mar  1 17:04:39 2021]
rule jellyfish_dump:
    input: /data/work/I2BC/haoliang.xue/prad-tcga-relapse/kmer_counts/X120514_UNC11_SN627_0229_AD121AACXX_GATCAG_L006.jf
    output: /data/work/I2BC/haoliang.xue/prad-tcga-relapse/kmer_counts/X120514_UNC11_SN627_0229_AD121AACXX_GATCAG_L006.txt.gz
    log: /data/work/I2BC/haoliang.xue/prad-tcga-relapse/Logs/X120514_UNC11_SN627_0229_AD121AACXX_GATCAG_L006_jellyfishDumpRawCounts_exec_time.log
    jobid: 16
    wildcards: sample=X120514_UNC11_SN627_0229_AD121AACXX_GATCAG_L006
    threads: 10
    resources: ram=3000

[Mon Mar  1 17:04:39 2021]
Finished job 11.
58 of 65 steps (89%) done
Submitted job 16 with external jobid '836176.pbsserver'.

[Mon Mar  1 17:04:39 2021]
rule jellyfish_dump:
    input: /data/work/I2BC/haoliang.xue/prad-tcga-relapse/kmer_counts/X130827_UNC15_SN850_0325_BC2AV1ACXX_ACTTGA_L004.jf
    output: /data/work/I2BC/haoliang.xue/prad-tcga-relapse/kmer_counts/X130827_UNC15_SN850_0325_BC2AV1ACXX_ACTTGA_L004.txt.gz
    log: /data/work/I2BC/haoliang.xue/prad-tcga-relapse/Logs/X130827_UNC15_SN850_0325_BC2AV1ACXX_ACTTGA_L004_jellyfishDumpRawCounts_exec_time.log
    jobid: 21
    wildcards: sample=X130827_UNC15_SN850_0325_BC2AV1ACXX_ACTTGA_L004
    threads: 10
    resources: ram=3000

Submitted job 21 with external jobid '836177.pbsserver'.
[Mon Mar  1 17:05:19 2021]
Finished job 14.
59 of 65 steps (91%) done

[Mon Mar  1 17:05:19 2021]
rule jellyfish_dump:
    input: /data/work/I2BC/haoliang.xue/prad-tcga-relapse/kmer_counts/X120425_UNC11_SN627_0224_BD0VAKACXX_GATCAG_L008.jf
    output: /data/work/I2BC/haoliang.xue/prad-tcga-relapse/kmer_counts/X120425_UNC11_SN627_0224_BD0VAKACXX_GATCAG_L008.txt.gz
    log: /data/work/I2BC/haoliang.xue/prad-tcga-relapse/Logs/X120425_UNC11_SN627_0224_BD0VAKACXX_GATCAG_L008_jellyfishDumpRawCounts_exec_time.log
    jobid: 1
    wildcards: sample=X120425_UNC11_SN627_0224_BD0VAKACXX_GATCAG_L008
    threads: 10
    resources: ram=3000

Submitted job 1 with external jobid '836178.pbsserver'.
[Mon Mar  1 17:08:59 2021]
Finished job 16.
60 of 65 steps (92%) done

[Mon Mar  1 17:08:59 2021]
rule jellyfish_dump:
    input: /data/work/I2BC/haoliang.xue/prad-tcga-relapse/kmer_counts/X140325_UNC15_SN850_0358_AC3LP7ACXX_GATCAG_L001.jf
    output: /data/work/I2BC/haoliang.xue/prad-tcga-relapse/kmer_counts/X140325_UNC15_SN850_0358_AC3LP7ACXX_GATCAG_L001.txt.gz
    log: /data/work/I2BC/haoliang.xue/prad-tcga-relapse/Logs/X140325_UNC15_SN850_0358_AC3LP7ACXX_GATCAG_L001_jellyfishDumpRawCounts_exec_time.log
    jobid: 25
    wildcards: sample=X140325_UNC15_SN850_0358_AC3LP7ACXX_GATCAG_L001
    threads: 10
    resources: ram=3000

[Mon Mar  1 17:09:00 2021]
Finished job 21.
61 of 65 steps (94%) done
[Mon Mar  1 17:09:00 2021]
Finished job 1.
62 of 65 steps (95%) done
Submitted job 25 with external jobid '836179.pbsserver'.

[Mon Mar  1 17:09:00 2021]
rule jellyfish_dump:
    input: /data/work/I2BC/haoliang.xue/prad-tcga-relapse/kmer_counts/X120521_UNC12_SN629_0212_AC0RWNACXX_TGACCA_L003.jf
    output: /data/work/I2BC/haoliang.xue/prad-tcga-relapse/kmer_counts/X120521_UNC12_SN629_0212_AC0RWNACXX_TGACCA_L003.txt.gz
    log: /data/work/I2BC/haoliang.xue/prad-tcga-relapse/Logs/X120521_UNC12_SN629_0212_AC0RWNACXX_TGACCA_L003_jellyfishDumpRawCounts_exec_time.log
    jobid: 20
    wildcards: sample=X120521_UNC12_SN629_0212_AC0RWNACXX_TGACCA_L003
    threads: 10
    resources: ram=3000

Submitted job 20 with external jobid '836180.pbsserver'.
[Mon Mar  1 17:11:40 2021]
Finished job 25.
63 of 65 steps (97%) done
[Mon Mar  1 17:11:40 2021]
Finished job 20.
64 of 65 steps (98%) done

[Mon Mar  1 17:11:40 2021]
localrule all:
    input: /data/work/I2BC/haoliang.xue/prad-tcga-relapse/kmer_counts/X120425_UNC11_SN627_0224_BD0VAKACXX_GATCAG_L008.txt.gz, /data/work/I2BC/haoliang.xue/prad-tcga-relapse/kmer_counts/X120425_UNC11_SN627_0224_BD0VAKACXX_TAGCTT_L004.txt.gz, /data/work/I2BC/haoliang.xue/prad-tcga-relapse/kmer_counts/X120604_UNC13_SN749_0179_AC0V5LACXX_GCCAAT_L004.txt.gz, /data/work/I2BC/haoliang.xue/prad-tcga-relapse/kmer_counts/X120215_UNC10_SN254_0327_AC0CMCACXX_TAGCTT_L006.txt.gz, /data/work/I2BC/haoliang.xue/prad-tcga-relapse/kmer_counts/X120215_UNC10_SN254_0327_AC0CMCACXX_TAGCTT_L007.txt.gz, /data/work/I2BC/haoliang.xue/prad-tcga-relapse/kmer_counts/X120604_UNC13_SN749_0180_BD127FACXX_GCCAAT_L004.txt.gz, /data/work/I2BC/haoliang.xue/prad-tcga-relapse/kmer_counts/X120611_UNC15_SN850_0219_BD120UACXX_GCCAAT_L003.txt.gz, /data/work/I2BC/haoliang.xue/prad-tcga-relapse/kmer_counts/X120430_UNC10_SN254_0353_AC0TGUACXX_TGACCA_L003.txt.gz, /data/work/I2BC/haoliang.xue/prad-tcga-relapse/kmer_counts/X120501_UNC16_SN851_0154_BC0MB8ACXX_ACTTGA_L008.txt.gz, /data/work/I2BC/haoliang.xue/prad-tcga-relapse/kmer_counts/X120514_UNC16_SN851_0158_AC0UWTACXX_ACTTGA_L003.txt.gz, /data/work/I2BC/haoliang.xue/prad-tcga-relapse/kmer_counts/X131016_UNC15_SN850_0333_AC2MBAACXX_GTGGCC_L006.txt.gz, /data/work/I2BC/haoliang.xue/prad-tcga-relapse/kmer_counts/X140312_UNC15_SN850_0357_AC3M7FACXX_TTAGGC_L008.txt.gz, /data/work/I2BC/haoliang.xue/prad-tcga-relapse/kmer_counts/X130226_UNC14_SN744_0315_AD1V5TACXX_GCCAAT_L003.txt.gz, /data/work/I2BC/haoliang.xue/prad-tcga-relapse/kmer_counts/X111212_UNC15_SN850_0155_AD087AACXX_ACTTGA_L004.txt.gz, /data/work/I2BC/haoliang.xue/prad-tcga-relapse/kmer_counts/X120514_UNC16_SN851_0158_AC0UWTACXX_ACTTGA_L006.txt.gz, /data/work/I2BC/haoliang.xue/prad-tcga-relapse/kmer_counts/X120514_UNC11_SN627_0229_AD121AACXX_GATCAG_L006.txt.gz, /data/work/I2BC/haoliang.xue/prad-tcga-relapse/kmer_counts/X130226_UNC14_SN744_0315_AD1V5TACXX_GCCAAT_L008.txt.gz, /data/work/I2BC/haoliang.xue/prad-tcga-relapse/kmer_counts/X120507_UNC10_SN254_0355_AC0TR8ACXX_ACAGTG_L007.txt.gz, /data/work/I2BC/haoliang.xue/prad-tcga-relapse/kmer_counts/X130226_UNC14_SN744_0315_AD1V5TACXX_CAGATC_L008.txt.gz, /data/work/I2BC/haoliang.xue/prad-tcga-relapse/kmer_counts/X120521_UNC12_SN629_0212_AC0RWNACXX_TGACCA_L003.txt.gz, /data/work/I2BC/haoliang.xue/prad-tcga-relapse/kmer_counts/X130827_UNC15_SN850_0325_BC2AV1ACXX_ACTTGA_L004.txt.gz, /data/work/I2BC/haoliang.xue/prad-tcga-relapse/kmer_counts/X130827_UNC15_SN850_0325_BC2AV1ACXX_TAGCTT_L005.txt.gz, /data/work/I2BC/haoliang.xue/prad-tcga-relapse/kmer_counts/X140312_UNC11_SN627_0348_AC3KRYACXX_ACTTGA_L002.txt.gz, /data/work/I2BC/haoliang.xue/prad-tcga-relapse/kmer_counts/X130424_UNC11_SN627_0294_BC236MACXX_GTTTCG_L007.txt.gz, /data/work/I2BC/haoliang.xue/prad-tcga-relapse/kmer_counts/X140325_UNC15_SN850_0358_AC3LP7ACXX_GATCAG_L001.txt.gz, /data/work/I2BC/haoliang.xue/prad-tcga-relapse/kmer_counts/X140318_UNC14_SN744_0403_AC3M3WACXX_ACAGTG_L002.txt.gz, /data/work/I2BC/haoliang.xue/prad-tcga-relapse/kmer_counts/X140318_UNC14_SN744_0403_AC3M3WACXX_ACAGTG_L006.txt.gz, /data/work/I2BC/haoliang.xue/prad-tcga-relapse/kmer_counts/X140318_UNC14_SN744_0403_AC3M3WACXX_GTGAAA_L003.txt.gz, /data/work/I2BC/haoliang.xue/prad-tcga-relapse/kmer_counts/X140506_UNC15_SN850_0363_BC3YJYACXX_GATCAG_L004.txt.gz, /data/work/I2BC/haoliang.xue/prad-tcga-relapse/kmer_counts/X140509_UNC11_SN627_0357_BC4CGKACXX_ATGTCA_L002.txt.gz, /data/work/I2BC/haoliang.xue/prad-tcga-relapse/kmer_counts/X140312_UNC11_SN627_0348_AC3KRYACXX_AGTTCC_L008.txt.gz, /data/work/I2BC/haoliang.xue/prad-tcga-relapse/kmer_counts/X140820_UNC17_D00216_0241_BC5DBKACXX_CGATGT_L005.txt.gz
    jobid: 0

[Mon Mar  1 17:11:40 2021]
Finished job 0.
65 of 65 steps (100%) done
Complete log: /store/USERS/haoliang.xue/development/KaMRaT/paper-code/prad-tcga-relpase/a_makeKMerMat/.snakemake/log/2021-03-01T155150.422264.snakemake.log
